<?xml version="1.0" encoding="UTF-8"?>
<!-- Generated by org.testng.reporters.JUnitXMLReporter -->
<testsuite hostname="DESKTOP-IUV45J7" ignored="0" name="Default test" tests="3" failures="0" timestamp="16 Apr 2019 06:39:07 GMT" time="171.831" errors="0">
  <testcase name="loginwithvalidds" time="89.45" classname="com.model.MercurytsPropertyTest"/>
  <testcase name="loginwithvalidds2" time="69.991" classname="com.model.MercurytsPropertyTest"/>
  <testcase name="loginwithinvalidds" time="4.762" classname="com.model.MercurytsPropertyTest"/>
</testsuite> <!-- Default test -->
